#
# A fatal error has been detected by the Java Runtime Environment:
#
#  EXCEPTION_ACCESS_VIOLATION (0xc0000005) at pc=0x000000000253ba7a, pid=7756, tid=0x000000000000195c
#
# JRE version: Java(TM) SE Runtime Environment (8.0_161-b12) (build 1.8.0_161-b12)
# Java VM: Java HotSpot(TM) 64-Bit Server VM (25.161-b12 mixed mode windows-amd64 compressed oops)
# Problematic frame:
# J 212 C1 java.lang.String.replace(CC)Ljava/lang/String; (127 bytes) @ 0x000000000253ba7a [0x000000000253b900+0x17a]
#
# Failed to write core dump. Minidumps are not enabled by default on client versions of Windows
#
# If you would like to submit a bug report, please visit:
#   http://bugreport.java.com/bugreport/crash.jsp
#

---------------  T H R E A D  ---------------

Current thread (0x000000005b9cd800):  JavaThread "restartedMain" [_thread_in_Java, id=6492, stack(0x000000005ced0000,0x000000005cfd0000)]

siginfo: ExceptionCode=0xc0000005, reading address 0xffffffffffffffff

Registers:
RAX=0x00000000dcbdbd10, RBX=0x00000000dcbdbd10, RCX=0x0000000016940208, RDX=0x000000000000006e
RSP=0x000000005cfcd460, RBP=0x000000005cfcdb30, RSI=0x000000000000001d, RDI=0x0000000000000003
R8 =0x000000000000002e, R9 =0x000000000000002f, R10=0x0000000016a7d5f0, R11=0x0000000081b00c18
R12=0x0000000000000000, R13=0x000000000000001e, R14=0x000000000000001e, R15=0x000000005b9cd800
RIP=0x000000000253ba7a, EFLAGS=0x0000000000010246

Top of Stack: (sp=0x000000005cfcd460)
0x000000005cfcd460:   000000005b9cd9f8 000000005b9cd800
0x000000005cfcd470:   000000005b9cd800 000000005b9cd9f8
0x000000005cfcd480:   0000000068abb6b8 0000000000000000
0x000000005cfcd490:   00000000ddfc93cf 0000000081b00c00
0x000000005cfcd4a0:   0000000081a724f0 00000000dcbd3df0
0x000000005cfcd4b0:   000000005cfcdb30 00000000027af8c4
0x000000005cfcd4c0:   00000000006e5ede 000000000279685c
0x000000005cfcd4d0:   00000000dcbdbc58 00000000dcbd3e70
0x000000005cfcd4e0:   000000005cfcdb30 00000000dcbdbba0
0x000000005cfcd4f0:   000000005cfcdb30 000000000250cddc
0x000000005cfcd500:   0000000081800258 0000000081b01ad8
0x000000005cfcd510:   000000005cfcdb30 00000000027c4964
0x000000005cfcd520:   00000000dcbdba08 00000000dcbd3e28
0x000000005cfcd530:   0000000081b01748 00000000685275fc
0x000000005cfcd540:   00000000e5c88a20 0000000081b00c00
0x000000005cfcd550:   0000000000000000 0000000081b00c00 

Instructions: (pc=0x000000000253ba7a)
0x000000000253ba5a:   49 63 f6 44 3b 73 0c 0f 83 ba 00 00 00 66 89 54
0x000000000253ba6a:   73 10 41 ff c6 85 05 8b 46 bc fd 45 3b f5 7c c6
0x000000000253ba7a:   48 ba d0 16 94 16 00 00 00 00 49 8b 47 60 48 8d
0x000000000253ba8a:   78 18 49 3b 7f 70 0f 87 94 00 00 00 49 89 7f 60 


Register to memory mapping:

RAX=0x00000000dcbdbd10 is an oop
[C 
 - klass: {type array char}
 - length: 30
RBX=0x00000000dcbdbd10 is an oop
[C 
 - klass: {type array char}
 - length: 30
RCX=0x0000000016940208 is pointing into metadata
RDX=0x000000000000006e is an unknown value
RSP=0x000000005cfcd460 is pointing into the stack for thread: 0x000000005b9cd800
RBP=0x000000005cfcdb30 is pointing into the stack for thread: 0x000000005b9cd800
RSI=0x000000000000001d is an unknown value
RDI=0x0000000000000003 is an unknown value
R8 =0x000000000000002e is an unknown value
R9 =0x000000000000002f is an unknown value
R10=0x0000000016a7d5f0 is pointing into metadata
R11=0x0000000081b00c18 is an oop
[C 
 - klass: {type array char}
 - length: 30
R12=0x0000000000000000 is an unknown value
R13=0x000000000000001e is an unknown value
R14=0x000000000000001e is an unknown value
R15=0x000000005b9cd800 is a thread


Stack: [0x000000005ced0000,0x000000005cfd0000],  sp=0x000000005cfcd460,  free space=1013k
Native frames: (J=compiled Java code, j=interpreted, Vv=VM code, C=native code)
C  0x000000000253ba7a


---------------  P R O C E S S  ---------------

Java Threads: ( => current thread )
=>0x000000005b9cd800 JavaThread "restartedMain" [_thread_in_Java, id=6492, stack(0x000000005ced0000,0x000000005cfd0000)]
  0x000000005b33d000 JavaThread "Abandoned connection cleanup thread" daemon [_thread_blocked, id=7548, stack(0x000000005da50000,0x000000005db50000)]
  0x000000005b33c800 JavaThread "Thread-8" [_thread_blocked, id=10900, stack(0x000000005a850000,0x000000005a950000)]
  0x000000005b9db000 JavaThread "DestroyJavaVM" [_thread_blocked, id=11236, stack(0x0000000002200000,0x0000000002300000)]
  0x000000005b9cf000 JavaThread "Live Reload Server" daemon [_thread_in_native, id=9320, stack(0x000000005db70000,0x000000005dc70000)]
  0x0000000059c84000 JavaThread "RMI TCP Accept-0" daemon [_thread_in_native, id=11032, stack(0x000000005a480000,0x000000005a580000)]
  0x0000000059c79000 JavaThread "RMI TCP Accept-56652" daemon [_thread_in_native, id=4980, stack(0x000000005a2c0000,0x000000005a3c0000)]
  0x0000000059c29000 JavaThread "RMI TCP Accept-0" daemon [_thread_in_native, id=10300, stack(0x0000000059870000,0x0000000059970000)]
  0x00000000586b5800 JavaThread "Service Thread" daemon [_thread_blocked, id=9252, stack(0x0000000058a00000,0x0000000058b00000)]
  0x000000005863b000 JavaThread "C1 CompilerThread2" daemon [_thread_blocked, id=10972, stack(0x00000000591d0000,0x00000000592d0000)]
  0x0000000058634000 JavaThread "C2 CompilerThread1" daemon [_thread_blocked, id=9244, stack(0x0000000059030000,0x0000000059130000)]
  0x0000000058620000 JavaThread "C2 CompilerThread0" daemon [_thread_blocked, id=10440, stack(0x0000000058ed0000,0x0000000058fd0000)]
  0x0000000058619000 JavaThread "Attach Listener" daemon [_thread_blocked, id=4756, stack(0x0000000058d80000,0x0000000058e80000)]
  0x0000000057332000 JavaThread "Signal Dispatcher" daemon [_thread_blocked, id=1228, stack(0x0000000058b70000,0x0000000058c70000)]
  0x000000005731e800 JavaThread "Finalizer" daemon [_thread_blocked, id=9876, stack(0x0000000058500000,0x0000000058600000)]
  0x00000000572d7800 JavaThread "Reference Handler" daemon [_thread_blocked, id=8760, stack(0x0000000058110000,0x0000000058210000)]

Other Threads:
  0x00000000572cf000 VMThread [stack: 0x00000000582c0000,0x00000000583c0000] [id=9316]
  0x0000000059c85000 WatcherThread [stack: 0x0000000058c80000,0x0000000058d80000] [id=8224]

VM state:not at safepoint (normal execution)

VM Mutex/Monitor currently owned by a thread: None

Heap:
 PSYoungGen      total 276480K, used 131572K [0x00000000d5d80000, 0x00000000eba80000, 0x0000000100000000)
  eden space 261120K, 44% used [0x00000000d5d80000,0x00000000dcf04938,0x00000000e5c80000)
  from space 15360K, 99% used [0x00000000e5c80000,0x00000000e6b789b0,0x00000000e6b80000)
  to   space 17408K, 0% used [0x00000000ea980000,0x00000000ea980000,0x00000000eba80000)
 ParOldGen       total 101888K, used 26165K [0x0000000081800000, 0x0000000087b80000, 0x00000000d5d80000)
  object space 101888K, 25% used [0x0000000081800000,0x000000008318d740,0x0000000087b80000)
 Metaspace       used 41803K, capacity 42286K, committed 42712K, reserved 1087488K
  class space    used 5421K, capacity 5567K, committed 5592K, reserved 1048576K

Card table byte_map: [0x00000000117b0000,0x0000000011bb0000] byte_map_base: 0x00000000113a4000

Marking Bits: (ParMarkBitMap*) 0x0000000068ccf860
 Begin Bits: [0x0000000012600000, 0x00000000145a0000)
 End Bits:   [0x00000000145a0000, 0x0000000016540000)

Polling page: 0x0000000000100000

CodeCache: size=245760Kb used=9297Kb max_used=9305Kb free=236462Kb
 bounds [0x00000000023f0000, 0x0000000002d10000, 0x00000000113f0000]
 total_blobs=4783 nmethods=4059 adapters=636
 compilation: enabled

Compilation events (10 events):
Event: 137.499 Thread 0x000000005863b000 4130   !   1       com.sun.proxy.$Proxy10::annotationType (29 bytes)
Event: 137.499 Thread 0x000000005863b000 nmethod 4130 0x0000000002d07c10 code [0x0000000002d07d80, 0x0000000002d07ff8]
Event: 138.244 Thread 0x000000005863b000 4131       1       ch.qos.logback.classic.Logger::filterAndLog_0_Or3Plus (61 bytes)
Event: 138.244 Thread 0x000000005863b000 nmethod 4131 0x0000000002d08150 code [0x0000000002d08300, 0x0000000002d08738]
Event: 138.288 Thread 0x000000005863b000 4133       1       org.springframework.asm.FieldVisitor::visitAnnotation (19 bytes)
Event: 138.288 Thread 0x000000005863b000 nmethod 4133 0x00000000025844d0 code [0x0000000002584640, 0x00000000025847a8]
Event: 138.516 Thread 0x000000005863b000 4134       1       org.springframework.core.type.classreading.AbstractRecursiveAnnotationVisitor::visitEnum (16 bytes)
Event: 138.517 Thread 0x000000005863b000 nmethod 4134 0x00000000025ad990 code [0x00000000025adb00, 0x00000000025adc78]
Event: 138.517 Thread 0x000000005863b000 4135   !   1       org.springframework.core.type.classreading.AbstractRecursiveAnnotationVisitor::getEnumValue (117 bytes)
Event: 138.517 Thread 0x000000005863b000 nmethod 4135 0x000000000265be10 code [0x000000000265c000, 0x000000000265c648]

GC Heap History (10 events):
Event: 7.743 GC heap before
{Heap before GC invocations=14 (full 2):
 PSYoungGen      total 219136K, used 206336K [0x00000000d5d80000, 0x00000000e7d00000, 0x0000000100000000)
  eden space 206336K, 100% used [0x00000000d5d80000,0x00000000e2700000,0x00000000e2700000)
  from space 12800K, 0% used [0x00000000e2700000,0x00000000e2700000,0x00000000e3380000)
  to   space 15872K, 0% used [0x00000000e6d80000,0x00000000e6d80000,0x00000000e7d00000)
 ParOldGen       total 101888K, used 25152K [0x0000000081800000, 0x0000000087b80000, 0x00000000d5d80000)
  object space 101888K, 24% used [0x0000000081800000,0x00000000830903a0,0x0000000087b80000)
 Metaspace       used 39986K, capacity 40496K, committed 40920K, reserved 1085440K
  class space    used 5197K, capacity 5336K, committed 5336K, reserved 1048576K
Event: 7.773 GC heap after
Heap after GC invocations=14 (full 2):
 PSYoungGen      total 274432K, used 11781K [0x00000000d5d80000, 0x00000000e7b80000, 0x0000000100000000)
  eden space 260096K, 0% used [0x00000000d5d80000,0x00000000d5d80000,0x00000000e5b80000)
  from space 14336K, 82% used [0x00000000e6d80000,0x00000000e7901638,0x00000000e7b80000)
  to   space 16384K, 0% used [0x00000000e5b80000,0x00000000e5b80000,0x00000000e6b80000)
 ParOldGen       total 101888K, used 25160K [0x0000000081800000, 0x0000000087b80000, 0x00000000d5d80000)
  object space 101888K, 24% used [0x0000000081800000,0x00000000830923a0,0x0000000087b80000)
 Metaspace       used 39986K, capacity 40496K, committed 40920K, reserved 1085440K
  class space    used 5197K, capacity 5336K, committed 5336K, reserved 1048576K
}
Event: 136.211 GC heap before
{Heap before GC invocations=15 (full 2):
 PSYoungGen      total 274432K, used 65576K [0x00000000d5d80000, 0x00000000e7b80000, 0x0000000100000000)
  eden space 260096K, 20% used [0x00000000d5d80000,0x00000000d9208a88,0x00000000e5b80000)
  from space 14336K, 82% used [0x00000000e6d80000,0x00000000e7901638,0x00000000e7b80000)
  to   space 16384K, 0% used [0x00000000e5b80000,0x00000000e5b80000,0x00000000e6b80000)
 ParOldGen       total 101888K, used 25160K [0x0000000081800000, 0x0000000087b80000, 0x00000000d5d80000)
  object space 101888K, 24% used [0x0000000081800000,0x00000000830923a0,0x0000000087b80000)
 Metaspace       used 41764K, capacity 42262K, committed 42712K, reserved 1087488K
  class space    used 5416K, capacity 5562K, committed 5592K, reserved 1048576K
Event: 136.234 GC heap after
Heap after GC invocations=15 (full 2):
 PSYoungGen      total 276480K, used 9915K [0x00000000d5d80000, 0x00000000e7b80000, 0x0000000100000000)
  eden space 260096K, 0% used [0x00000000d5d80000,0x00000000d5d80000,0x00000000e5b80000)
  from space 16384K, 60% used [0x00000000e5b80000,0x00000000e652ecd0,0x00000000e6b80000)
  to   space 16384K, 0% used [0x00000000e6b80000,0x00000000e6b80000,0x00000000e7b80000)
 ParOldGen       total 101888K, used 25168K [0x0000000081800000, 0x0000000087b80000, 0x00000000d5d80000)
  object space 101888K, 24% used [0x0000000081800000,0x00000000830943a0,0x0000000087b80000)
 Metaspace       used 41764K, capacity 42262K, committed 42712K, reserved 1087488K
  class space    used 5416K, capacity 5562K, committed 5592K, reserved 1048576K
}
Event: 136.234 GC heap before
{Heap before GC invocations=16 (full 3):
 PSYoungGen      total 276480K, used 9915K [0x00000000d5d80000, 0x00000000e7b80000, 0x0000000100000000)
  eden space 260096K, 0% used [0x00000000d5d80000,0x00000000d5d80000,0x00000000e5b80000)
  from space 16384K, 60% used [0x00000000e5b80000,0x00000000e652ecd0,0x00000000e6b80000)
  to   space 16384K, 0% used [0x00000000e6b80000,0x00000000e6b80000,0x00000000e7b80000)
 ParOldGen       total 101888K, used 25168K [0x0000000081800000, 0x0000000087b80000, 0x00000000d5d80000)
  object space 101888K, 24% used [0x0000000081800000,0x00000000830943a0,0x0000000087b80000)
 Metaspace       used 41764K, capacity 42262K, committed 42712K, reserved 1087488K
  class space    used 5416K, capacity 5562K, committed 5592K, reserved 1048576K
Event: 136.399 GC heap after
Heap after GC invocations=16 (full 3):
 PSYoungGen      total 276480K, used 0K [0x00000000d5d80000, 0x00000000e7b80000, 0x0000000100000000)
  eden space 260096K, 0% used [0x00000000d5d80000,0x00000000d5d80000,0x00000000e5b80000)
  from space 16384K, 0% used [0x00000000e5b80000,0x00000000e5b80000,0x00000000e6b80000)
  to   space 16384K, 0% used [0x00000000e6b80000,0x00000000e6b80000,0x00000000e7b80000)
 ParOldGen       total 101888K, used 25762K [0x0000000081800000, 0x0000000087b80000, 0x00000000d5d80000)
  object space 101888K, 25% used [0x0000000081800000,0x0000000083128a48,0x0000000087b80000)
 Metaspace       used 41764K, capacity 42262K, committed 42712K, reserved 1087488K
  class space    used 5416K, capacity 5562K, committed 5592K, reserved 1048576K
}
Event: 137.346 GC heap before
{Heap before GC invocations=17 (full 3):
 PSYoungGen      total 276480K, used 260096K [0x00000000d5d80000, 0x00000000e7b80000, 0x0000000100000000)
  eden space 260096K, 100% used [0x00000000d5d80000,0x00000000e5b80000,0x00000000e5b80000)
  from space 16384K, 0% used [0x00000000e5b80000,0x00000000e5b80000,0x00000000e6b80000)
  to   space 16384K, 0% used [0x00000000e6b80000,0x00000000e6b80000,0x00000000e7b80000)
 ParOldGen       total 101888K, used 25762K [0x0000000081800000, 0x0000000087b80000, 0x00000000d5d80000)
  object space 101888K, 25% used [0x0000000081800000,0x0000000083128a48,0x0000000087b80000)
 Metaspace       used 41803K, capacity 42286K, committed 42712K, reserved 1087488K
  class space    used 5421K, capacity 5567K, committed 5592K, reserved 1048576K
Event: 137.358 GC heap after
Heap after GC invocations=17 (full 3):
 PSYoungGen      total 277504K, used 8858K [0x00000000d5d80000, 0x00000000eb700000, 0x0000000100000000)
  eden space 261120K, 0% used [0x00000000d5d80000,0x00000000d5d80000,0x00000000e5c80000)
  from space 16384K, 54% used [0x00000000e6b80000,0x00000000e7426ba0,0x00000000e7b80000)
  to   space 15360K, 0% used [0x00000000e5c80000,0x00000000e5c80000,0x00000000e6b80000)
 ParOldGen       total 101888K, used 25770K [0x0000000081800000, 0x0000000087b80000, 0x00000000d5d80000)
  object space 101888K, 25% used [0x0000000081800000,0x000000008312aa48,0x0000000087b80000)
 Metaspace       used 41803K, capacity 42286K, committed 42712K, reserved 1087488K
  class space    used 5421K, capacity 5567K, committed 5592K, reserved 1048576K
}
Event: 138.271 GC heap before
{Heap before GC invocations=18 (full 3):
 PSYoungGen      total 277504K, used 269978K [0x00000000d5d80000, 0x00000000eb700000, 0x0000000100000000)
  eden space 261120K, 100% used [0x00000000d5d80000,0x00000000e5c80000,0x00000000e5c80000)
  from space 16384K, 54% used [0x00000000e6b80000,0x00000000e7426ba0,0x00000000e7b80000)
  to   space 15360K, 0% used [0x00000000e5c80000,0x00000000e5c80000,0x00000000e6b80000)
 ParOldGen       total 101888K, used 25770K [0x0000000081800000, 0x0000000087b80000, 0x00000000d5d80000)
  object space 101888K, 25% used [0x0000000081800000,0x000000008312aa48,0x0000000087b80000)
 Metaspace       used 41803K, capacity 42286K, committed 42712K, reserved 1087488K
  class space    used 5421K, capacity 5567K, committed 5592K, reserved 1048576K
Event: 138.286 GC heap after
Heap after GC invocations=18 (full 3):
 PSYoungGen      total 276480K, used 15330K [0x00000000d5d80000, 0x00000000eba80000, 0x0000000100000000)
  eden space 261120K, 0% used [0x00000000d5d80000,0x00000000d5d80000,0x00000000e5c80000)
  from space 15360K, 99% used [0x00000000e5c80000,0x00000000e6b789b0,0x00000000e6b80000)
  to   space 17408K, 0% used [0x00000000ea980000,0x00000000ea980000,0x00000000eba80000)
 ParOldGen       total 101888K, used 26165K [0x0000000081800000, 0x0000000087b80000, 0x00000000d5d80000)
  object space 101888K, 25% used [0x0000000081800000,0x000000008318d740,0x0000000087b80000)
 Metaspace       used 41803K, capacity 42286K, committed 42712K, reserved 1087488K
  class space    used 5421K, capacity 5567K, committed 5592K, reserved 1048576K
}

Deoptimization events (0 events):
No events

Classes redefined (0 events):
No events

Internal exceptions (10 events):
Event: 12.518 Thread 0x000000005b9d0800 Exception <a 'java/lang/ArrayIndexOutOfBoundsException'> (0x00000000d6d245e0) thrown at [C:\re\workspace\8-2-build-windows-amd64-cygwin\jdk8u161\10277\hotspot\src\share\vm\runtime\sharedRuntime.cpp, line 605]
Event: 12.518 Thread 0x000000005b9d0800 Exception <a 'java/lang/ArrayIndexOutOfBoundsException'> (0x00000000d6d26148) thrown at [C:\re\workspace\8-2-build-windows-amd64-cygwin\jdk8u161\10277\hotspot\src\share\vm\runtime\sharedRuntime.cpp, line 605]
Event: 12.519 Thread 0x000000005b9d0800 Exception <a 'java/lang/ArrayIndexOutOfBoundsException'> (0x00000000d6d308a8) thrown at [C:\re\workspace\8-2-build-windows-amd64-cygwin\jdk8u161\10277\hotspot\src\share\vm\runtime\sharedRuntime.cpp, line 605]
Event: 12.540 Thread 0x000000005b9d0800 Exception <a 'java/lang/ArrayIndexOutOfBoundsException'> (0x00000000d6eec5f0) thrown at [C:\re\workspace\8-2-build-windows-amd64-cygwin\jdk8u161\10277\hotspot\src\share\vm\runtime\sharedRuntime.cpp, line 605]
Event: 12.551 Thread 0x000000005b9d0800 Exception <a 'java/lang/ArrayIndexOutOfBoundsException'> (0x00000000d701cdc8) thrown at [C:\re\workspace\8-2-build-windows-amd64-cygwin\jdk8u161\10277\hotspot\src\share\vm\runtime\sharedRuntime.cpp, line 605]
Event: 136.146 Thread 0x000000005bc66000 Exception <a 'java/lang/InterruptedException': sleep interrupted> (0x00000000d72c17d8) thrown at [C:\re\workspace\8-2-build-windows-amd64-cygwin\jdk8u161\10277\hotspot\src\share\vm\prims\jvm.cpp, line 3228]
Event: 136.205 Thread 0x000000005bc67800 Exception <a 'java/lang/InterruptedException': sleep interrupted> (0x00000000d8f7e6f8) thrown at [C:\re\workspace\8-2-build-windows-amd64-cygwin\jdk8u161\10277\hotspot\src\share\vm\prims\jvm.cpp, line 3228]
Event: 136.412 Thread 0x000000005b9cd800 Exception <a 'java/io/FileNotFoundException'> (0x00000000d674ad20) thrown at [C:\re\workspace\8-2-build-windows-amd64-cygwin\jdk8u161\10277\hotspot\src\share\vm\prims\jni.cpp, line 709]
Event: 136.729 Thread 0x000000005b9cd800 Exception <a 'java/lang/ArrayIndexOutOfBoundsException'> (0x00000000dc072d70) thrown at [C:\re\workspace\8-2-build-windows-amd64-cygwin\jdk8u161\10277\hotspot\src\share\vm\runtime\sharedRuntime.cpp, line 605]
Event: 136.756 Thread 0x000000005b9cd800 Exception <a 'java/lang/ArrayIndexOutOfBoundsException'> (0x00000000dc67da40) thrown at [C:\re\workspace\8-2-build-windows-amd64-cygwin\jdk8u161\10277\hotspot\src\share\vm\runtime\sharedRuntime.cpp, line 605]

Events (10 events):
Event: 138.292 Executing VM operation: RevokeBias
Event: 138.292 Executing VM operation: RevokeBias done
Event: 138.292 Executing VM operation: RevokeBias
Event: 138.292 Executing VM operation: RevokeBias done
Event: 138.292 Executing VM operation: RevokeBias
Event: 138.292 Executing VM operation: RevokeBias done
Event: 138.292 Executing VM operation: RevokeBias
Event: 138.292 Executing VM operation: RevokeBias done
Event: 138.517 Thread 0x000000005863b000 flushing nmethod 0x000000000265bbd0
Event: 138.517 Thread 0x000000005863b000 flushing nmethod 0x00000000026c3290


Dynamic libraries:
0x000000013f4b0000 - 0x000000013f4e7000 	D:\java\bin\javaw.exe
0x0000000077a80000 - 0x0000000077c2a000 	C:\windows\SYSTEM32\ntdll.dll
0x0000000077960000 - 0x0000000077a7f000 	C:\windows\system32\kernel32.dll
0x000007fefd840000 - 0x000007fefd8aa000 	C:\windows\system32\KERNELBASE.dll
0x000007fefef20000 - 0x000007fefeffb000 	C:\windows\system32\ADVAPI32.dll
0x000007fefec90000 - 0x000007fefed2f000 	C:\windows\system32\msvcrt.dll
0x000007fefdb30000 - 0x000007fefdb4f000 	C:\windows\SYSTEM32\sechost.dll
0x000007fefde80000 - 0x000007fefdfad000 	C:\windows\system32\RPCRT4.dll
0x0000000077860000 - 0x000000007795a000 	C:\windows\system32\USER32.dll
0x000007fefea80000 - 0x000007fefeae7000 	C:\windows\system32\GDI32.dll
0x000007fefec80000 - 0x000007fefec8e000 	C:\windows\system32\LPK.dll
0x000007fefe960000 - 0x000007fefea2b000 	C:\windows\system32\USP10.dll
0x000007fefbb60000 - 0x000007fefbd54000 	C:\windows\WinSxS\amd64_microsoft.windows.common-controls_6595b64144ccf1df_6.0.7601.18837_none_fa3b1e3d17594757\COMCTL32.dll
0x000007fefe300000 - 0x000007fefe371000 	C:\windows\system32\SHLWAPI.dll
0x000007fefe750000 - 0x000007fefe77e000 	C:\windows\system32\IMM32.DLL
0x000007fefee10000 - 0x000007fefef19000 	C:\windows\system32\MSCTF.dll
0x0000000074800000 - 0x00000000748d2000 	D:\java\bin\msvcr100.dll
0x00000000684b0000 - 0x0000000068d4f000 	D:\java\bin\server\jvm.dll
0x000007fef9580000 - 0x000007fef9589000 	C:\windows\system32\WSOCK32.dll
0x000007fefea30000 - 0x000007fefea7d000 	C:\windows\system32\WS2_32.dll
0x000007fefdfb0000 - 0x000007fefdfb8000 	C:\windows\system32\NSI.dll
0x000007fef9390000 - 0x000007fef93cb000 	C:\windows\system32\WINMM.dll
0x000007fefc810000 - 0x000007fefc81c000 	C:\windows\system32\VERSION.dll
0x0000000077c40000 - 0x0000000077c47000 	C:\windows\system32\PSAPI.DLL
0x0000000074e20000 - 0x0000000074e2f000 	D:\java\bin\verify.dll
0x0000000074df0000 - 0x0000000074e19000 	D:\java\bin\java.dll
0x0000000074dd0000 - 0x0000000074de6000 	D:\java\bin\zip.dll
0x000007feff000000 - 0x000007feffd8a000 	C:\windows\system32\SHELL32.dll
0x000007fefe060000 - 0x000007fefe25c000 	C:\windows\system32\ole32.dll
0x000007fefd780000 - 0x000007fefd78f000 	C:\windows\system32\profapi.dll
0x0000000074d40000 - 0x0000000074d4d000 	D:\java\bin\management.dll
0x0000000074db0000 - 0x0000000074dca000 	D:\java\bin\net.dll
0x000007fefcf50000 - 0x000007fefcfa5000 	C:\windows\system32\mswsock.dll
0x000007fefcf40000 - 0x000007fefcf47000 	C:\windows\System32\wship6.dll
0x0000000074d90000 - 0x0000000074da1000 	D:\java\bin\nio.dll
0x000007fefbef0000 - 0x000007fefbf05000 	C:\windows\system32\NLAapi.dll
0x000007fef7390000 - 0x000007fef73a5000 	C:\windows\system32\napinsp.dll
0x000007fef7310000 - 0x000007fef7329000 	C:\windows\system32\pnrpnsp.dll
0x000007fefcdd0000 - 0x000007fefce2b000 	C:\windows\system32\DNSAPI.dll
0x000007fef7300000 - 0x000007fef730b000 	C:\windows\System32\winrnr.dll
0x000007fef72f0000 - 0x000007fef7300000 	C:\windows\system32\wshbth.dll
0x000007fefc930000 - 0x000007fefc937000 	C:\windows\System32\wshtcpip.dll
0x000007fefb580000 - 0x000007fefb5a7000 	C:\windows\system32\IPHLPAPI.DLL
0x000007fefb570000 - 0x000007fefb57b000 	C:\windows\system32\WINNSI.DLL
0x000007fef99e0000 - 0x000007fef99e8000 	C:\windows\system32\rasadhlp.dll
0x000007fefb400000 - 0x000007fefb453000 	C:\windows\System32\fwpuclnt.dll
0x000007fefcfb0000 - 0x000007fefcfc8000 	C:\windows\system32\CRYPTSP.dll
0x000007fefccb0000 - 0x000007fefccf7000 	C:\windows\system32\rsaenh.dll
0x000007fefda40000 - 0x000007fefda5e000 	C:\windows\system32\USERENV.dll
0x000007fefd610000 - 0x000007fefd61f000 	C:\windows\system32\CRYPTBASE.dll
0x000007fefb380000 - 0x000007fefb398000 	C:\windows\system32\dhcpcsvc.DLL
0x000007fefb360000 - 0x000007fefb371000 	C:\windows\system32\dhcpcsvc6.DLL
0x000007fef7c10000 - 0x000007fef7d35000 	C:\windows\system32\dbghelp.dll

VM Arguments:
jvm_args: -Dcom.sun.management.jmxremote -Dcom.sun.management.jmxremote.port=56652 -Dcom.sun.management.jmxremote.authenticate=false -Dcom.sun.management.jmxremote.ssl=false -Djava.rmi.server.hostname=localhost -Dspring.liveBeansView.mbeanDomain -Dspring.application.admin.enabled=true -Xverify:none -XX:TieredStopAtLevel=1 -Dfile.encoding=UTF-8 
java_command: com.SpringBootTestApplication
java_class_path (initial): D:\java\lib\resources.jar;D:\java\lib\rt.jar;D:\java\lib\jsse.jar;D:\java\lib\jce.jar;D:\java\lib\charsets.jar;D:\java\lib\jfr.jar;D:\java\lib\ext\access-bridge-64.jar;D:\java\lib\ext\cldrdata.jar;D:\java\lib\ext\dnsns.jar;D:\java\lib\ext\jaccess.jar;D:\java\lib\ext\jfxrt.jar;D:\java\lib\ext\localedata.jar;D:\java\lib\ext\nashorn.jar;D:\java\lib\ext\sunec.jar;D:\java\lib\ext\sunjce_provider.jar;D:\java\lib\ext\sunmscapi.jar;D:\java\lib\ext\sunpkcs11.jar;D:\java\lib\ext\zipfs.jar;D:\eclipse-workspace2\springBootTest\target\classes;C:\Users\Administrator\.m2\repository\org\springframework\boot\spring-boot-starter-jdbc\1.5.6.RELEASE\spring-boot-starter-jdbc-1.5.6.RELEASE.jar;C:\Users\Administrator\.m2\repository\org\springframework\boot\spring-boot-starter\1.5.6.RELEASE\spring-boot-starter-1.5.6.RELEASE.jar;C:\Users\Administrator\.m2\repository\org\springframework\boot\spring-boot-starter-logging\1.5.6.RELEASE\spring-boot-starter-logging-1.5.6.RELEASE.jar;C:\Users\Administrator\.m2\repository\ch\qos\logback\logback-classic\1.1.11\logback-classic-1.1.11.jar;C:\Users\Administrator\.m2\repository\ch\qos\logback\logback-core\1.1.11\logback-core-1.1.11.jar;C:\Users\Administrator\.m2\repository\org\slf4j\jul-to-slf4j\1.7.25\jul-to-slf4j-1.7.25.jar;C:\Users\Administrator\.m2\repository\org\slf4j\log4j-over-slf4j\1.7.25\log4j-over-slf4j-1.7.25.jar;C:\Users\Administrator\.m2\repository\org\yaml\snakeyaml\1.17\snakeyaml-1.17.jar;C:\Users\Administrator\.m2\repository\org\apache\tomcat\tomcat-jdbc\8.5.16\tomcat-jdbc-8.5.16.jar;C:\Users\Administrator\.m2\repository\org\apache\tomcat\tomcat-juli\8.5.16\tomcat-juli-8.5.16.jar;C:\Users\Administrator\.m2\repository\org\springframework\spring-jdbc\4.3.10.RELEASE\spring-jdbc-4.3.10.RELEASE.jar;C:\Users\Administrator\.m2\repository\org\springframework\spring-beans\4.3.10.RELEASE\spring-beans-4.3.10.RELEASE.jar;C:\Users\Administrator\.m2\repository\org\springframework\spring-tx\4.3.10.RELEASE\spring-tx-4.3.10.R
Launcher Type: SUN_STANDARD

Environment Variables:
JAVA_HOME=D:\java_jdk1.8
CLASSPATH=C:\Program Files (x86)\Java\jre1.8.0_144\lib;D:\apache_tomcat_8.5.24\common\lib\servlet.jar
PATH=D:/java/bin/server;D:/java/bin;D:/java/lib/amd64;C:\ProgramData\Oracle\Java\javapath;C:\windows\system32;C:\windows;C:\windows\System32\Wbem;C:\windows\System32\WindowsPowerShell\v1.0\;D:\java_jdk1.8\bin;C:\Program Files\MySQL\MySQL Utilities 1.6\;D:\maven\apache-maven-3.5.2\bin;C:\Program Files\Git\cmd;C:\Program Files\TortoiseGit\bin;C:\Users\Administrator\AppData\Local\GitHubDesktop\bin;C:\Users\Administrator\Desktop;
USERNAME=Administrator
OS=Windows_NT
PROCESSOR_IDENTIFIER=Intel64 Family 6 Model 61 Stepping 4, GenuineIntel



---------------  S Y S T E M  ---------------

OS: Windows 7 , 64 bit Build 7601 (6.1.7601.23889)

CPU:total 4 (initial active 4) (2 cores per cpu, 2 threads per core) family 6 model 61 stepping 4, cmov, cx8, fxsr, mmx, sse, sse2, sse3, ssse3, sse4.1, sse4.2, popcnt, avx, avx2, aes, clmul, erms, 3dnowpref, lzcnt, ht, tsc, tscinvbit, bmi1, bmi2, adx

Memory: 4k page, physical 8286136k(3520044k free), swap 16570412k(10886248k free)

vm_info: Java HotSpot(TM) 64-Bit Server VM (25.161-b12) for windows-amd64 JRE (1.8.0_161-b12), built on Dec 19 2017 17:52:25 by "java_re" with MS VC++ 10.0 (VS2010)

time: Sun Apr 08 11:40:24 2018
elapsed time: 138 seconds (0d 0h 2m 18s)

